Using pre-set license
Built from '2020.2/staging' branch; Version is '2020.2.3f1 (8ff31bc5bf5b) revision 9433883'; Using compiler version '192528614'; Build Type 'Release'
OS: 'Windows 10 Home Single Language; OS build 19042.985; Version 2009; 64bit' Language: 'tr' Physical Memory: 16320 MB
BatchMode: 1, IsHumanControllingUs: 0, StartBugReporterOnCrash: 0, Is64bit: 1, IsPro: 0

 COMMAND LINE ARGUMENTS:
D:\Unity\2020.1.6f1\Editor\Unity.exe
-adb2
-batchMode
-noUpm
-name
AssetImportWorker0
-projectPath
D:/Onemli/Oyunlar/Unity/OnPipe-Demo
-logFile
Logs/AssetImportWorker0.log
-srvPort
60723
Successfully changed project path to: D:/Onemli/Oyunlar/Unity/OnPipe-Demo
D:/Onemli/Oyunlar/Unity/OnPipe-Demo
Using Asset Import Pipeline V2.
Refreshing native plugins compatible for Editor in 52.30 ms, found 0 plugins.
Preloading 0 native plugins for Editor in 0.00 ms.
Initialize engine version: 2020.2.3f1 (8ff31bc5bf5b)
[Subsystems] Discovering subsystems at path D:/Unity/2020.1.6f1/Editor/Data/Resources/UnitySubsystems
[Subsystems] Discovering subsystems at path D:/Onemli/Oyunlar/Unity/OnPipe-Demo/Assets
GfxDevice: creating device client; threaded=0
Direct3D:
    Version:  Direct3D 11.0 [level 11.1]
    Renderer: NVIDIA GeForce GTX 1060 3GB (ID=0x1c02)
    Vendor:   
    VRAM:     2988 MB
    Driver:   27.21.14.6589
Initialize mono
Mono path[0] = 'D:/Unity/2020.1.6f1/Editor/Data/Managed'
Mono path[1] = 'D:/Unity/2020.1.6f1/Editor/Data/MonoBleedingEdge/lib/mono/unityjit'
Mono config path = 'D:/Unity/2020.1.6f1/Editor/Data/MonoBleedingEdge/etc'
Using monoOptions --debugger-agent=transport=dt_socket,embedding=1,server=y,suspend=n,address=127.0.0.1:56080
Begin MonoManager ReloadAssembly
Registering precompiled unity dll's ...
Register platform support module: D:/Unity/2020.1.6f1/Editor/Data/PlaybackEngines/WindowsStandaloneSupport/UnityEditor.WindowsStandalone.Extensions.dll
Registered in 0.003324 seconds.
Native extension for WindowsStandalone target not found
Refreshing native plugins compatible for Editor in 47.18 ms, found 0 plugins.
Preloading 0 native plugins for Editor in 0.00 ms.
Invoked RoslynAnalysisRunner static constructor.
RoslynAnalysisRunner will not be running.
RoslynAnalysisRunner has terminated.
Mono: successfully reloaded assembly
- Completed reload, in  2.935 seconds
Platform modules already initialized, skipping
Registering precompiled user dll's ...
Registered in 0.008886 seconds.
Begin MonoManager ReloadAssembly
Native extension for WindowsStandalone target not found
Refreshing native plugins compatible for Editor in 0.61 ms, found 0 plugins.
Preloading 0 native plugins for Editor in 0.00 ms.
Invoked RoslynAnalysisRunner static constructor.
RoslynAnalysisRunner will not be running.
RoslynAnalysisRunner has terminated.
Mono: successfully reloaded assembly
- Completed reload, in  1.434 seconds
Platform modules already initialized, skipping
========================================================================
Worker process is ready to serve import requests
Launched and connected shader compiler UnityShaderCompiler.exe after 0.08 seconds
Refreshing native plugins compatible for Editor in 0.48 ms, found 0 plugins.
Preloading 0 native plugins for Editor in 0.00 ms.
Unloading 1290 Unused Serialized files (Serialized files now loaded: 0)
System memory in use before: 63.0 MB.
System memory in use after: 63.1 MB.

Unloading 21 unused Assets to reduce memory usage. Loaded Objects now: 1735.
Total: 3.382100 ms (FindLiveObjects: 0.522300 ms CreateObjectMapping: 0.080300 ms MarkObjects: 2.486000 ms  DeleteObjects: 0.291200 ms)

========================================================================
Received Import Request.
  path: Assets/GameSource/Models
  artifactKey: Guid(984050af8d33a44469eaddf733bedaeb) Importer(815301076,1909f56bfc062723c751e8b465ee728b)
Start importing Assets/GameSource/Models using Guid(984050af8d33a44469eaddf733bedaeb) Importer(815301076,1909f56bfc062723c751e8b465ee728b)  -> (artifact id: 'aab95a946e7e6304639f4ba0ad71edb5') in 0.007492 seconds
  Import took 0.027870 seconds .

========================================================================
Received Import Request.
  Time since last request: 5.893796 seconds.
  path: Assets/GameSource/Models/Obstacle.fbx
  artifactKey: Guid(03521ccde7846df4185a4218af877bb2) Importer(815301076,1909f56bfc062723c751e8b465ee728b)
Start importing Assets/GameSource/Models/Obstacle.fbx using Guid(03521ccde7846df4185a4218af877bb2) Importer(815301076,1909f56bfc062723c751e8b465ee728b)  -> (artifact id: '3fe84e381aca1de994eb2a9e4ae8d4c5') in 0.573717 seconds
  Import took 0.578348 seconds .

========================================================================
Received Import Request.
  Time since last request: 32.784587 seconds.
  path: Assets/GameSource/Levels
  artifactKey: Guid(0163b09ca743f984a89c2253db72dd59) Importer(815301076,1909f56bfc062723c751e8b465ee728b)
Start importing Assets/GameSource/Levels using Guid(0163b09ca743f984a89c2253db72dd59) Importer(815301076,1909f56bfc062723c751e8b465ee728b)  -> (artifact id: '17f761c406594a11b7a08361897023b0') in 0.012688 seconds
  Import took 0.039576 seconds .

========================================================================
Received Import Request.
  Time since last request: 9.829398 seconds.
  path: Assets/GameSource/Levels/Level_1.asset
  artifactKey: Guid(87ecfa3fb7cc22c4f8d87115a2d587b2) Importer(815301076,1909f56bfc062723c751e8b465ee728b)
Start importing Assets/GameSource/Levels/Level_1.asset using Guid(87ecfa3fb7cc22c4f8d87115a2d587b2) Importer(815301076,1909f56bfc062723c751e8b465ee728b)  -> (artifact id: 'd1720d139d66e36fb216b97de684e2bc') in 0.062610 seconds
  Import took 0.068275 seconds .

========================================================================
Received Import Request.
  Time since last request: 40.558411 seconds.
  path: Assets/GameSource/Prefabs/Levels
  artifactKey: Guid(19a85062c9b458d4d9b0d905a0f90eaa) Importer(815301076,1909f56bfc062723c751e8b465ee728b)
Start importing Assets/GameSource/Prefabs/Levels using Guid(19a85062c9b458d4d9b0d905a0f90eaa) Importer(815301076,1909f56bfc062723c751e8b465ee728b)  -> (artifact id: 'c885b715ade98d657ecd835e893582fa') in 0.005510 seconds
  Import took 0.011783 seconds .

========================================================================
Received Import Request.
  Time since last request: 2.194911 seconds.
  path: Assets/GameSource/Prefabs/Levels/Level_1.prefab
  artifactKey: Guid(dbe61ee0c4762af478c3f591621fea16) Importer(815301076,1909f56bfc062723c751e8b465ee728b)
Start importing Assets/GameSource/Prefabs/Levels/Level_1.prefab using Guid(dbe61ee0c4762af478c3f591621fea16) Importer(815301076,1909f56bfc062723c751e8b465ee728b)  -> (artifact id: '8c8af6e1822e80133b94191db9cf8fb8') in 0.015698 seconds
  Import took 0.021451 seconds .

========================================================================
Received Import Request.
  Time since last request: 10.110010 seconds.
  path: Assets/GameSource/Levels/Level_1.asset
  artifactKey: Guid(87ecfa3fb7cc22c4f8d87115a2d587b2) Importer(815301076,1909f56bfc062723c751e8b465ee728b)
Start importing Assets/GameSource/Levels/Level_1.asset using Guid(87ecfa3fb7cc22c4f8d87115a2d587b2) Importer(815301076,1909f56bfc062723c751e8b465ee728b)  -> (artifact id: '43c189adb5d4b201276d7c7472aaf60a') in 0.006672 seconds
  Import took 0.012304 seconds .

========================================================================
Received Import Request.
  Time since last request: 0.019049 seconds.
  path: Assets/GameSource/Levels/Level_1.asset
  artifactKey: Guid(87ecfa3fb7cc22c4f8d87115a2d587b2) Importer(815301076,1909f56bfc062723c751e8b465ee728b)
Start importing Assets/GameSource/Levels/Level_1.asset using Guid(87ecfa3fb7cc22c4f8d87115a2d587b2) Importer(815301076,1909f56bfc062723c751e8b465ee728b)  -> (artifact id: '43c189adb5d4b201276d7c7472aaf60a') in 0.006470 seconds
  Import took 0.012006 seconds .

========================================================================
Received Prepare
Registering precompiled user dll's ...
Registered in 0.013327 seconds.
Begin MonoManager ReloadAssembly
Native extension for WindowsStandalone target not found
Refreshing native plugins compatible for Editor in 0.60 ms, found 0 plugins.
Preloading 0 native plugins for Editor in 0.00 ms.
Invoked RoslynAnalysisRunner static constructor.
RoslynAnalysisRunner will not be running.
RoslynAnalysisRunner has terminated.
Mono: successfully reloaded assembly
- Completed reload, in  1.423 seconds
Platform modules already initialized, skipping
Refreshing native plugins compatible for Editor in 0.56 ms, found 0 plugins.
Preloading 0 native plugins for Editor in 0.00 ms.
Unloading 1272 Unused Serialized files (Serialized files now loaded: 0)
System memory in use before: 65.4 MB.
System memory in use after: 65.5 MB.

Unloading 17 unused Assets to reduce memory usage. Loaded Objects now: 1747.
Total: 2.272300 ms (FindLiveObjects: 0.195000 ms CreateObjectMapping: 0.099200 ms MarkObjects: 1.900800 ms  DeleteObjects: 0.075800 ms)

